submitit INFO (2025-12-18 19:31:49,196) - Starting with JobEnvironment(job_id=171294, hostname=mscluster70.ms.wits.ac.za, local_rank=0(1), node=0(1), global_rank=0(1))
submitit INFO (2025-12-18 19:31:49,196) - Loading pickle: /home-mscluster/sfrasco/Masters-Research/3D_Composition/experiment_results/comparison_20251218_193137/slurm_logs/171294_submitted.pkl

======================================================================
STARTING JOB: Algorithm=WVF, Seed=1
======================================================================


======================================================================
TRAINING UNIFIED WVF (Seed=1)
======================================================================

UnifiedWorldValueFunctionAgent using device: cuda
Observation shape: (12, 60, 80)
Goal conditioning: Tiled as 4 extra channels
Task conditioning: Tiled as 4 extra channels
CNN input shape: (20, 60, 80)
  Unified network parameters: 538,020
Starting training phase...
Training WVF:   0%|          | 0/10 [00:00<?, ?it/s]Training WVF:  20%|██        | 2/10 [00:00<00:00,  9.48it/s]Training WVF:  30%|███       | 3/10 [00:00<00:00,  8.50it/s]Training WVF:  70%|███████   | 7/10 [00:00<00:00, 18.62it/s]Training WVF: 100%|██████████| 10/10 [00:00<00:00, 21.10it/s]
Unified WVF model saved to experiment_results/comparison_20251218_193137/WVF_seed1/model.pt

Starting evaluation phase...
Evaluating blue_sphere...
Evaluating red_sphere...
Evaluating blue_box...
Evaluating red_box...

✓ WVF training complete (seed=1)

======================================================================
JOB COMPLETE: Algorithm=WVF, Seed=1
Results saved to: experiment_results/comparison_20251218_193137/WVF_seed1/results.json
======================================================================

submitit INFO (2025-12-18 19:32:15,113) - Job completed successfully
submitit INFO (2025-12-18 19:32:15,126) - Exiting after successful completion
