submitit INFO (2025-12-28 10:16:59,560) - Starting with JobEnvironment(job_id=171850, hostname=mscluster58.ms.wits.ac.za, local_rank=0(1), node=0(1), global_rank=0(1))
submitit INFO (2025-12-28 10:16:59,560) - Loading pickle: /home-mscluster/sfrasco/Masters-Research/3D_3Unseen_Goals/experiment_results_green/green_comparison_20251228_101640/slurm_logs/171850_submitted.pkl

======================================================================
STARTING GREEN EXPERIMENT JOB: Algorithm=LSTM, Seed=0
Node: mscluster58
======================================================================


======================================================================
TRAINING UNIFIED LSTM-DQN (Seed=0)
======================================================================

Unified LSTM-DQN Agent using device: cuda
Frame stacking: k=4, LSTM size: 64
Task space: [red, blue, green, box, sphere] (5 dimensions)
NOTE: Green reserved for zero-shot evaluation only!
Single frame shape: (3, 60, 80)
Stacked observation shape (with task): (17, 60, 80)
Total network parameters: 531,876
Starting training phase (red/blue only)...
Training LSTM-DQN:   0%|          | 0/1 [00:00<?, ?it/s]Training LSTM-DQN: 100%|██████████| 1/1 [00:00<00:00,  6.75it/s]Training LSTM-DQN: 100%|██████████| 1/1 [00:00<00:00,  6.74it/s]
Model saved to experiment_results_green/green_comparison_20251228_101640/LSTM_seed0/model.pt

Starting PRIMITIVE evaluation phase (seen)...
Environment mode: TRAINING (red/blue only)
Evaluating primitive task: red...
Evaluating primitive task: blue...
Evaluating primitive task: box...
Evaluating primitive task: sphere...

Starting SEEN COMPOSITIONAL evaluation phase...
Evaluating seen compositional task: blue_sphere...
Evaluating seen compositional task: red_sphere...
Evaluating seen compositional task: blue_box...
Evaluating seen compositional task: red_box...

Starting GREEN SIMPLE evaluation phase (UNSEEN)...
Environment mode: EVALUATION (all colors)
Evaluating green simple task: green (UNSEEN)...

Starting GREEN COMPOSITIONAL evaluation phase (UNSEEN)...
Evaluating green compositional task: green_box (UNSEEN)...
Evaluating green compositional task: green_sphere (UNSEEN)...

✓ LSTM-DQN training complete (seed=0)

======================================================================
GREEN EXPERIMENT JOB COMPLETE: Algorithm=LSTM, Seed=0
Results saved to: experiment_results_green/green_comparison_20251228_101640/LSTM_seed0/results.json
======================================================================

submitit INFO (2025-12-28 10:17:16,524) - Job completed successfully
submitit INFO (2025-12-28 10:17:16,530) - Exiting after successful completion
