submitit INFO (2025-12-28 10:16:41,856) - Starting with JobEnvironment(job_id=171848, hostname=mscluster53.ms.wits.ac.za, local_rank=0(1), node=0(1), global_rank=0(1))
submitit INFO (2025-12-28 10:16:41,856) - Loading pickle: /home-mscluster/sfrasco/Masters-Research/3D_3Unseen_Goals/experiment_results_green/green_comparison_20251228_101640/slurm_logs/171848_submitted.pkl

======================================================================
STARTING GREEN EXPERIMENT JOB: Algorithm=SR, Seed=0
Node: mscluster53
======================================================================


======================================================================
TRAINING SR AGENT (Seed=0)
======================================================================
Training episodes: 1
SR freeze episode: 3000
Eval episodes per task: 1
Training tasks: ['red', 'blue', 'box', 'sphere'] (NO GREEN)
======================================================================

Starting training phase (red/blue only)...
Training SR:   0%|          | 0/1 [00:00<?, ?it/s]Training SR: 100%|██████████| 1/1 [00:01<00:00,  1.01s/it]Training SR: 100%|██████████| 1/1 [00:01<00:00,  1.01s/it]

Starting PRIMITIVE evaluation phase (seen, red/blue only)...
Environment mode: TRAINING (red/blue only)
Evaluating primitive task: red...
Evaluating primitive task: blue...
Evaluating primitive task: box...
Evaluating primitive task: sphere...

Starting SEEN COMPOSITIONAL evaluation phase...
Evaluating seen compositional task: blue_sphere...
Evaluating seen compositional task: red_sphere...
Evaluating seen compositional task: blue_box...
Evaluating seen compositional task: red_box...

Starting GREEN SIMPLE evaluation phase (UNSEEN - zero-shot)...
Switching environment to evaluation mode (spawning green objects)...
Environment mode: EVALUATION (all colors)
Evaluating green simple task: green (UNSEEN)...

Starting GREEN COMPOSITIONAL evaluation phase (UNSEEN)...
Evaluating green compositional task: green_box (UNSEEN)...
Evaluating green compositional task: green_sphere (UNSEEN)...

✓ SR Agent training complete (seed=0)

======================================================================
GREEN EXPERIMENT JOB COMPLETE: Algorithm=SR, Seed=0
Results saved to: experiment_results_green/green_comparison_20251228_101640/SR_seed0/results.json
======================================================================

submitit INFO (2025-12-28 10:17:00,964) - Job completed successfully
submitit INFO (2025-12-28 10:17:00,966) - Exiting after successful completion
