submitit INFO (2025-12-28 10:16:46,957) - Starting with JobEnvironment(job_id=171849, hostname=mscluster55.ms.wits.ac.za, local_rank=0(1), node=0(1), global_rank=0(1))
submitit INFO (2025-12-28 10:16:46,958) - Loading pickle: /home-mscluster/sfrasco/Masters-Research/3D_3Unseen_Goals/experiment_results_green/green_comparison_20251228_101640/slurm_logs/171849_submitted.pkl

======================================================================
STARTING GREEN EXPERIMENT JOB: Algorithm=DQN, Seed=0
Node: mscluster55
======================================================================


======================================================================
TRAINING UNIFIED DQN (Seed=0)
======================================================================

Unified DQN Agent using device: cuda
Task space: [red, blue, green, box, sphere]
NOTE: Green reserved for zero-shot evaluation only!
Image shape: (3, 60, 80)
Task-conditioned input: (8, 60, 80) (3 RGB + 5 task channels)
Total network parameters: 874,148
Starting training phase (red/blue only)...
Training DQN:   0%|          | 0/1 [00:00<?, ?it/s]Training DQN: 100%|██████████| 1/1 [00:01<00:00,  1.99s/it]Training DQN: 100%|██████████| 1/1 [00:01<00:00,  1.99s/it]
Model saved to experiment_results_green/green_comparison_20251228_101640/DQN_seed0/model.pt

Starting PRIMITIVE evaluation phase (seen)...
Environment mode: TRAINING (red/blue only)
Evaluating primitive task: red...
Evaluating primitive task: blue...
Evaluating primitive task: box...
Evaluating primitive task: sphere...

Starting SEEN COMPOSITIONAL evaluation phase...
Evaluating seen compositional task: blue_sphere...
Evaluating seen compositional task: red_sphere...
Evaluating seen compositional task: blue_box...
Evaluating seen compositional task: red_box...

Starting GREEN SIMPLE evaluation phase (UNSEEN)...
Environment mode: EVALUATION (all colors)
Evaluating green simple task: green (UNSEEN)...

Starting GREEN COMPOSITIONAL evaluation phase (UNSEEN)...
Evaluating green compositional task: green_box (UNSEEN)...
Evaluating green compositional task: green_sphere (UNSEEN)...

✓ DQN training complete (seed=0)

======================================================================
GREEN EXPERIMENT JOB COMPLETE: Algorithm=DQN, Seed=0
Results saved to: experiment_results_green/green_comparison_20251228_101640/DQN_seed0/results.json
======================================================================

submitit INFO (2025-12-28 10:17:11,163) - Job completed successfully
submitit INFO (2025-12-28 10:17:11,165) - Exiting after successful completion
