submitit INFO (2025-12-18 19:31:49,202) - Starting with JobEnvironment(job_id=171290, hostname=mscluster62.ms.wits.ac.za, local_rank=0(1), node=0(1), global_rank=0(1))
submitit INFO (2025-12-18 19:31:49,202) - Loading pickle: /home-mscluster/sfrasco/Masters-Research/3D_Composition/experiment_results/comparison_20251218_193137/slurm_logs/171290_submitted.pkl

======================================================================
STARTING JOB: Algorithm=DQN, Seed=1
======================================================================


======================================================================
TRAINING UNIFIED DQN (Seed=1)
======================================================================

Unified DQN Agent using device: cuda
Task conditioning: Goal tiling with one-hot encoding
Stability settings: tau=0.005, double_dqn=True, grad_clip=10.0
Image shape: (3, 60, 80)
Task-conditioned input shape: (7, 60, 80) (3 RGB + 4 task channels)
Total network parameters: 872,100
Starting training phase...
Training DQN:   0%|          | 0/10 [00:00<?, ?it/s]Training DQN:  20%|██        | 2/10 [00:02<00:10,  1.37s/it]Training DQN:  30%|███       | 3/10 [00:04<00:11,  1.71s/it]Training DQN:  40%|████      | 4/10 [00:07<00:11,  1.87s/it]Training DQN:  50%|█████     | 5/10 [00:07<00:07,  1.49s/it]Training DQN:  60%|██████    | 6/10 [00:09<00:06,  1.59s/it]Training DQN:  70%|███████   | 7/10 [00:11<00:05,  1.77s/it]Training DQN:  80%|████████  | 8/10 [00:12<00:02,  1.35s/it]Training DQN:  90%|█████████ | 9/10 [00:12<00:01,  1.16s/it]Training DQN: 100%|██████████| 10/10 [00:12<00:00,  1.30s/it]
Model saved to experiment_results/comparison_20251218_193137/DQN_seed1/model.pt

Starting evaluation phase...
Evaluating blue_sphere...
Evaluating red_sphere...
Evaluating blue_box...
Evaluating red_box...

✓ DQN training complete (seed=1)

======================================================================
JOB COMPLETE: Algorithm=DQN, Seed=1
Results saved to: experiment_results/comparison_20251218_193137/DQN_seed1/results.json
======================================================================

submitit INFO (2025-12-18 19:32:20,239) - Job completed successfully
submitit INFO (2025-12-18 19:32:20,282) - Exiting after successful completion
